Loaded 34 models from file C:\inetpub\wwwroot\returns plc\csvFiles\serials.csv.
Loaded 8228 unique serial numbers from file C:\inetpub\wwwroot\returns plc\csvFiles\serials.csv.
Loaded 5506 unique serial numbers from file C:\inetpub\wwwroot\returns plc\csvFiles\SickSerials.csv.
Loaded 3825 unique serial numbers from file C:\inetpub\wwwroot\returns plc\csvFiles\KeyenceSerials.csv.
Loaded 7121 unique serial numbers from file C:\inetpub\wwwroot\returns plc\csvFiles\SorterSerials.csv.
Loaded 2576 unique serial numbers from file C:\inetpub\wwwroot\returns plc\csvFiles\QRASerials.csv.
Loaded 83 unique serial numbers from file C:\inetpub\wwwroot\returns plc\csvFiles\NoRa.csv.
Message sent: <9a38cc8a-bdce-7c6a-2ae9-b7ff6a559d96@elpte.dish.com>
Loaded 35 models from file C:\inetpub\wwwroot\returns plc\csvFiles\serials.csv.
Loaded 9310 unique serial numbers from file C:\inetpub\wwwroot\returns plc\csvFiles\serials.csv.
Loaded 6180 unique serial numbers from file C:\inetpub\wwwroot\returns plc\csvFiles\SickSerials.csv.
Loaded 4368 unique serial numbers from file C:\inetpub\wwwroot\returns plc\csvFiles\KeyenceSerials.csv.
Loaded 8054 unique serial numbers from file C:\inetpub\wwwroot\returns plc\csvFiles\SorterSerials.csv.
Loaded 2941 unique serial numbers from file C:\inetpub\wwwroot\returns plc\csvFiles\QRASerials.csv.
Loaded 93 unique serial numbers from file C:\inetpub\wwwroot\returns plc\csvFiles\NoRa.csv.
Message sent: <26f408fe-499a-4e80-2a76-f00dfccfe116@elpte.dish.com>
Loaded 35 models from file C:\inetpub\wwwroot\returns plc\csvFiles\serials.csv.
Loaded 9402 unique serial numbers from file C:\inetpub\wwwroot\returns plc\csvFiles\serials.csv.
Loaded 6237 unique serial numbers from file C:\inetpub\wwwroot\returns plc\csvFiles\SickSerials.csv.
Loaded 4401 unique serial numbers from file C:\inetpub\wwwroot\returns plc\csvFiles\KeyenceSerials.csv.
Loaded 8130 unique serial numbers from file C:\inetpub\wwwroot\returns plc\csvFiles\SorterSerials.csv.
Loaded 2976 unique serial numbers from file C:\inetpub\wwwroot\returns plc\csvFiles\QRASerials.csv.
Loaded 94 unique serial numbers from file C:\inetpub\wwwroot\returns plc\csvFiles\NoRa.csv.
Message sent: <18925e65-8541-b8eb-61bf-d6fe92075374@elpte.dish.com>
Loaded 35 models from file C:\inetpub\wwwroot\returns plc\csvFiles\serials.csv.
Loaded 9406 unique serial numbers from file C:\inetpub\wwwroot\returns plc\csvFiles\serials.csv.
Loaded 6238 unique serial numbers from file C:\inetpub\wwwroot\returns plc\csvFiles\SickSerials.csv.
Loaded 4404 unique serial numbers from file C:\inetpub\wwwroot\returns plc\csvFiles\KeyenceSerials.csv.
Loaded 8133 unique serial numbers from file C:\inetpub\wwwroot\returns plc\csvFiles\SorterSerials.csv.
Loaded 2977 unique serial numbers from file C:\inetpub\wwwroot\returns plc\csvFiles\QRASerials.csv.
Loaded 94 unique serial numbers from file C:\inetpub\wwwroot\returns plc\csvFiles\NoRa.csv.
Message sent: <e7825f9b-c62b-feda-b063-da2bef21b263@elpte.dish.com>
Loaded 35 models from file C:\inetpub\wwwroot\returns plc\csvFiles\serials.csv.
Loaded 9411 unique serial numbers from file C:\inetpub\wwwroot\returns plc\csvFiles\serials.csv.
Loaded 6242 unique serial numbers from file C:\inetpub\wwwroot\returns plc\csvFiles\SickSerials.csv.
Loaded 4406 unique serial numbers from file C:\inetpub\wwwroot\returns plc\csvFiles\KeyenceSerials.csv.
Loaded 8136 unique serial numbers from file C:\inetpub\wwwroot\returns plc\csvFiles\SorterSerials.csv.
Loaded 2979 unique serial numbers from file C:\inetpub\wwwroot\returns plc\csvFiles\QRASerials.csv.
Loaded 94 unique serial numbers from file C:\inetpub\wwwroot\returns plc\csvFiles\NoRa.csv.
Message sent: <fdf9163e-e0a2-b62f-ee84-a66c4ddac212@elpte.dish.com>
Loaded 35 models from file C:\inetpub\wwwroot\returns plc\csvFiles\serials.csv.
Loaded 9412 unique serial numbers from file C:\inetpub\wwwroot\returns plc\csvFiles\serials.csv.
Loaded 6243 unique serial numbers from file C:\inetpub\wwwroot\returns plc\csvFiles\SickSerials.csv.
Loaded 4406 unique serial numbers from file C:\inetpub\wwwroot\returns plc\csvFiles\KeyenceSerials.csv.
Loaded 8136 unique serial numbers from file C:\inetpub\wwwroot\returns plc\csvFiles\SorterSerials.csv.
Loaded 2979 unique serial numbers from file C:\inetpub\wwwroot\returns plc\csvFiles\QRASerials.csv.
Loaded 94 unique serial numbers from file C:\inetpub\wwwroot\returns plc\csvFiles\NoRa.csv.
Message sent: <2a3d1cc3-2025-7fce-6dcc-0d0112e0a2b8@elpte.dish.com>
Data has been cleared.
Loaded 35 models from file C:\inetpub\wwwroot\returns plc\csvFiles\serials.csv.
Loaded 5470 unique serial numbers from file C:\inetpub\wwwroot\returns plc\csvFiles\serials.csv.
Loaded 3119 unique serial numbers from file C:\inetpub\wwwroot\returns plc\csvFiles\SickSerials.csv.
Loaded 2254 unique serial numbers from file C:\inetpub\wwwroot\returns plc\csvFiles\KeyenceSerials.csv.
Loaded 4486 unique serial numbers from file C:\inetpub\wwwroot\returns plc\csvFiles\SorterSerials.csv.
Loaded 1751 unique serial numbers from file C:\inetpub\wwwroot\returns plc\csvFiles\QRASerials.csv.
Loaded 67 unique serial numbers from file C:\inetpub\wwwroot\returns plc\csvFiles\NoRa.csv.
Message sent: <3826c269-58c3-8ef3-8f08-73a81feb16b6@elpte.dish.com>
Loaded 35 models from file C:\inetpub\wwwroot\returns plc\csvFiles\serials.csv.
Loaded 5587 unique serial numbers from file C:\inetpub\wwwroot\returns plc\csvFiles\serials.csv.
Loaded 3177 unique serial numbers from file C:\inetpub\wwwroot\returns plc\csvFiles\SickSerials.csv.
Loaded 2297 unique serial numbers from file C:\inetpub\wwwroot\returns plc\csvFiles\KeyenceSerials.csv.
Loaded 4581 unique serial numbers from file C:\inetpub\wwwroot\returns plc\csvFiles\SorterSerials.csv.
Loaded 1790 unique serial numbers from file C:\inetpub\wwwroot\returns plc\csvFiles\QRASerials.csv.
Loaded 67 unique serial numbers from file C:\inetpub\wwwroot\returns plc\csvFiles\NoRa.csv.
Message sent: <a2cb1d29-7662-18e0-eb17-e8ca79ccab00@elpte.dish.com>
Loaded 35 models from file C:\inetpub\wwwroot\returns plc\csvFiles\serials.csv.
Loaded 5620 unique serial numbers from file C:\inetpub\wwwroot\returns plc\csvFiles\serials.csv.
Loaded 3195 unique serial numbers from file C:\inetpub\wwwroot\returns plc\csvFiles\SickSerials.csv.
Loaded 2313 unique serial numbers from file C:\inetpub\wwwroot\returns plc\csvFiles\KeyenceSerials.csv.
Loaded 4614 unique serial numbers from file C:\inetpub\wwwroot\returns plc\csvFiles\SorterSerials.csv.
Loaded 1799 unique serial numbers from file C:\inetpub\wwwroot\returns plc\csvFiles\QRASerials.csv.
Loaded 67 unique serial numbers from file C:\inetpub\wwwroot\returns plc\csvFiles\NoRa.csv.
Message sent: <95547311-2778-866d-2396-c329cf5913cd@elpte.dish.com>
Loaded 39 models from file C:\inetpub\wwwroot\returns plc\csvFiles\serials.csv.
Loaded 6152 unique serial numbers from file C:\inetpub\wwwroot\returns plc\csvFiles\serials.csv.
Loaded 3467 unique serial numbers from file C:\inetpub\wwwroot\returns plc\csvFiles\SickSerials.csv.
Loaded 2499 unique serial numbers from file C:\inetpub\wwwroot\returns plc\csvFiles\KeyenceSerials.csv.
Loaded 5020 unique serial numbers from file C:\inetpub\wwwroot\returns plc\csvFiles\SorterSerials.csv.
Loaded 1979 unique serial numbers from file C:\inetpub\wwwroot\returns plc\csvFiles\QRASerials.csv.
Loaded 78 unique serial numbers from file C:\inetpub\wwwroot\returns plc\csvFiles\NoRa.csv.
Message sent: <2476e141-8e3e-a041-3763-bd6fc3bf6277@elpte.dish.com>
Loaded 39 models from file C:\inetpub\wwwroot\returns plc\csvFiles\serials.csv.
Loaded 6156 unique serial numbers from file C:\inetpub\wwwroot\returns plc\csvFiles\serials.csv.
Loaded 3469 unique serial numbers from file C:\inetpub\wwwroot\returns plc\csvFiles\SickSerials.csv.
Loaded 2501 unique serial numbers from file C:\inetpub\wwwroot\returns plc\csvFiles\KeyenceSerials.csv.
Loaded 5023 unique serial numbers from file C:\inetpub\wwwroot\returns plc\csvFiles\SorterSerials.csv.
Loaded 1980 unique serial numbers from file C:\inetpub\wwwroot\returns plc\csvFiles\QRASerials.csv.
Loaded 78 unique serial numbers from file C:\inetpub\wwwroot\returns plc\csvFiles\NoRa.csv.
Message sent: <66e1b6ca-8e12-b3d6-c181-355c5cf12237@elpte.dish.com>
Total Count (excluding undefined): 4699
Total Receivers Scanned: 6475
Message sent: <7cc60965-db2e-d536-5d2d-ab440d1f1e7c@elpte.dish.com>
Loaded 39 models from file C:\inetpub\wwwroot\returns plc\csvFiles\serials.csv.
Loaded 7221 unique serial numbers from file C:\inetpub\wwwroot\returns plc\csvFiles\serials.csv.
Loaded 4014 unique serial numbers from file C:\inetpub\wwwroot\returns plc\csvFiles\SickSerials.csv.
Loaded 2917 unique serial numbers from file C:\inetpub\wwwroot\returns plc\csvFiles\KeyenceSerials.csv.
Loaded 5890 unique serial numbers from file C:\inetpub\wwwroot\returns plc\csvFiles\SorterSerials.csv.
Loaded 2250 unique serial numbers from file C:\inetpub\wwwroot\returns plc\csvFiles\QRASerials.csv.
Loaded 92 unique serial numbers from file C:\inetpub\wwwroot\returns plc\csvFiles\NoRa.csv.
Message sent: <ee6c7252-b596-6a81-8654-0ff2be85004f@elpte.dish.com>
Data has been cleared.
Loaded 37 models from file C:\inetpub\wwwroot\returns plc\csvFiles\serials.csv.
Loaded 9650 unique serial numbers from file C:\inetpub\wwwroot\returns plc\csvFiles\serials.csv.
Loaded 5791 unique serial numbers from file C:\inetpub\wwwroot\returns plc\csvFiles\SickSerials.csv.
Loaded 4097 unique serial numbers from file C:\inetpub\wwwroot\returns plc\csvFiles\KeyenceSerials.csv.
Loaded 7985 unique serial numbers from file C:\inetpub\wwwroot\returns plc\csvFiles\SorterSerials.csv.
Loaded 3128 unique serial numbers from file C:\inetpub\wwwroot\returns plc\csvFiles\QRASerials.csv.
Loaded 92 unique serial numbers from file C:\inetpub\wwwroot\returns plc\csvFiles\NoRa.csv.
Message sent: <a4e078de-6217-a49c-2b90-b398af281712@elpte.dish.com>
Loaded 36 models from file C:\inetpub\wwwroot\returns plc\csvFiles\serials.csv.
Loaded 9650 unique serial numbers from file C:\inetpub\wwwroot\returns plc\csvFiles\serials.csv.
Loaded 5791 unique serial numbers from file C:\inetpub\wwwroot\returns plc\csvFiles\SickSerials.csv.
Loaded 4097 unique serial numbers from file C:\inetpub\wwwroot\returns plc\csvFiles\KeyenceSerials.csv.
Loaded 7985 unique serial numbers from file C:\inetpub\wwwroot\returns plc\csvFiles\SorterSerials.csv.
Loaded 3128 unique serial numbers from file C:\inetpub\wwwroot\returns plc\csvFiles\QRASerials.csv.
Loaded 92 unique serial numbers from file C:\inetpub\wwwroot\returns plc\csvFiles\NoRa.csv.
Message sent: <3a0dc91a-6d9a-f941-f6eb-230f3338d33a@elpte.dish.com>
